{
  "RSpec": {
    "coverage": {
      "/Users/randal/Projects/hr_app/config/environment.rb": [
        null,
        1,
        null,
        null,
        1
      ],
      "/Users/randal/Projects/hr_app/config/application.rb": [
        1,
        null,
        1,
        null,
        null,
        null,
        1,
        null,
        1,
        1,
        null,
        1,
        null,
        null,
        null,
        null,
        null,
        null
      ],
      "/Users/randal/Projects/hr_app/config/boot.rb": [
        1,
        null,
        1
      ],
      "/Users/randal/Projects/hr_app/config/environments/test.rb": [
        1,
        null,
        null,
        null,
        null,
        null,
        null,
        1,
        null,
        null,
        null,
        null,
        1,
        null,
        null,
        1,
        1,
        null,
        null,
        null,
        null,
        1,
        1,
        null,
        null,
        1,
        null,
        null,
        1,
        1,
        null,
        null,
        null,
        null,
        1,
        null,
        null,
        1,
        null,
        null,
        null,
        null
      ],
      "/Users/randal/Projects/hr_app/config/initializers/application_controller_renderer.rb": [
        null,
        null,
        null,
        null,
        null,
        null,
        null,
        null
      ],
      "/Users/randal/Projects/hr_app/config/initializers/assets.rb": [
        null,
        null,
        null,
        1,
        null,
        null,
        null,
        null,
        1,
        null,
        null,
        null,
        null,
        null
      ],
      "/Users/randal/Projects/hr_app/config/initializers/backtrace_silencers.rb": [
        null,
        null,
        null,
        null,
        null,
        null,
        null
      ],
      "/Users/randal/Projects/hr_app/config/initializers/cookies_serializer.rb": [
        null,
        null,
        null,
        null,
        1
      ],
      "/Users/randal/Projects/hr_app/config/initializers/filter_parameter_logging.rb": [
        null,
        null,
        null,
        1
      ],
      "/Users/randal/Projects/hr_app/config/initializers/inflections.rb": [
        null,
        null,
        null,
        null,
        null,
        null,
        null,
        null,
        null,
        null,
        null,
        null,
        null,
        null,
        null,
        null
      ],
      "/Users/randal/Projects/hr_app/config/initializers/mime_types.rb": [
        null,
        null,
        null,
        null
      ],
      "/Users/randal/Projects/hr_app/config/initializers/wrap_parameters.rb": [
        null,
        null,
        null,
        null,
        null,
        null,
        1,
        2,
        null,
        null,
        null,
        null,
        null,
        null
      ],
      "/Users/randal/Projects/hr_app/spec/factories/benefit_types.rb": [
        1,
        1,
        1,
        1,
        1,
        null,
        null
      ],
      "/Users/randal/Projects/hr_app/spec/factories/certification_types.rb": [
        1,
        1,
        1,
        1,
        1,
        null,
        null
      ],
      "/Users/randal/Projects/hr_app/spec/factories/companies.rb": [
        1,
        1,
        2,
        null,
        null
      ],
      "/Users/randal/Projects/hr_app/spec/factories/contact_types.rb": [
        1,
        1,
        1,
        null,
        null
      ],
      "/Users/randal/Projects/hr_app/spec/factories/employees.rb": [
        1,
        1,
        1,
        2,
        1,
        1,
        null,
        null
      ],
      "/Users/randal/Projects/hr_app/spec/factories/ethnicities.rb": [
        1,
        1,
        1,
        null,
        null
      ],
      "/Users/randal/Projects/hr_app/spec/factories/people.rb": [
        1,
        1,
        7,
        8,
        7,
        8,
        8,
        null,
        null
      ],
      "/Users/randal/Projects/hr_app/spec/factories/races.rb": [
        1,
        1,
        1,
        null,
        null
      ],
      "/Users/randal/Projects/hr_app/spec/factories/relationship_types.rb": [
        1,
        1,
        1,
        null,
        null
      ],
      "/Users/randal/Projects/hr_app/config/routes.rb": [
        1,
        null,
        null
      ],
      "/Users/randal/Projects/hr_app/app/helpers/application_helper.rb": [
        1,
        null
      ],
      "/Users/randal/Projects/hr_app/spec/support/factory_girl.rb": [
        1,
        1,
        null
      ],
      "/Users/randal/Projects/hr_app/app/models/benefit_type.rb": [
        1,
        1,
        null
      ],
      "/Users/randal/Projects/hr_app/app/models/application_record.rb": [
        1,
        1,
        null
      ],
      "/Users/randal/Projects/hr_app/spec/models/certification_type_spec.rb": [
        1,
        null,
        1,
        null,
        1,
        1,
        null,
        null,
        1,
        1,
        null,
        null,
        1,
        1,
        null,
        null,
        null
      ],
      "/Users/randal/Projects/hr_app/app/models/certification_type.rb": [
        1,
        1,
        null
      ],
      "/Users/randal/Projects/hr_app/spec/models/company_spec.rb": [
        1,
        null,
        1,
        null,
        1,
        1,
        null,
        null,
        1,
        1,
        null,
        null,
        null
      ],
      "/Users/randal/Projects/hr_app/app/models/company.rb": [
        1,
        1,
        null
      ],
      "/Users/randal/Projects/hr_app/spec/models/contact_type_spec.rb": [
        1,
        null,
        1,
        null,
        1,
        1,
        null,
        null,
        1,
        1,
        null,
        null,
        null
      ],
      "/Users/randal/Projects/hr_app/app/models/contact_type.rb": [
        1,
        1,
        null
      ],
      "/Users/randal/Projects/hr_app/spec/models/employee_spec.rb": [
        1,
        null,
        1,
        null,
        1,
        1,
        null,
        null,
        1,
        1,
        null,
        null,
        1,
        1,
        null,
        null,
        1,
        1,
        1,
        null,
        null,
        null
      ],
      "/Users/randal/Projects/hr_app/app/models/employee.rb": [
        1,
        1,
        1,
        null,
        1,
        null,
        1,
        null,
        1,
        null,
        1,
        4,
        1,
        null,
        null,
        null,
        1,
        4,
        1,
        null,
        null,
        null
      ],
      "/Users/randal/Projects/hr_app/spec/models/ethnicity_spec.rb": [
        1,
        null,
        1,
        null,
        1,
        1,
        null,
        null,
        1,
        1,
        null,
        null,
        null
      ],
      "/Users/randal/Projects/hr_app/app/models/ethnicity.rb": [
        1,
        1,
        null
      ],
      "/Users/randal/Projects/hr_app/spec/models/person_spec.rb": [
        1,
        null,
        1,
        null,
        1,
        1,
        null,
        null,
        1,
        1,
        null,
        null,
        1,
        1,
        null,
        null,
        null
      ],
      "/Users/randal/Projects/hr_app/app/models/person.rb": [
        1,
        1,
        null
      ],
      "/Users/randal/Projects/hr_app/spec/models/race_spec.rb": [
        1,
        null,
        1,
        null,
        1,
        1,
        null,
        null,
        1,
        1,
        null,
        null,
        null
      ],
      "/Users/randal/Projects/hr_app/app/models/race.rb": [
        1,
        1,
        null
      ],
      "/Users/randal/Projects/hr_app/spec/models/relationship_type_spec.rb": [
        1,
        null,
        1,
        null,
        1,
        1,
        null,
        null,
        1,
        1,
        null,
        null,
        null
      ],
      "/Users/randal/Projects/hr_app/app/models/relationship_type.rb": [
        1,
        1,
        null
      ]
    },
    "timestamp": 1519834043
  }
}
