{
  "RSpec": {
    "coverage": {
      "/Users/randal/Projects/hr_app/config/environment.rb": [
        null,
        1,
        null,
        null,
        1
      ],
      "/Users/randal/Projects/hr_app/config/application.rb": [
        1,
        null,
        1,
        null,
        null,
        null,
        1,
        null,
        1,
        1,
        null,
        1,
        null,
        null,
        null,
        null,
        null,
        null
      ],
      "/Users/randal/Projects/hr_app/config/boot.rb": [
        1,
        null,
        1
      ],
      "/Users/randal/Projects/hr_app/config/environments/test.rb": [
        1,
        null,
        null,
        null,
        null,
        null,
        null,
        1,
        null,
        null,
        null,
        null,
        1,
        null,
        null,
        1,
        1,
        null,
        null,
        null,
        null,
        1,
        1,
        null,
        null,
        1,
        null,
        null,
        1,
        1,
        null,
        null,
        null,
        null,
        1,
        null,
        null,
        1,
        null,
        null,
        null,
        null
      ],
      "/Users/randal/Projects/hr_app/config/initializers/application_controller_renderer.rb": [
        null,
        null,
        null,
        null,
        null,
        null,
        null,
        null
      ],
      "/Users/randal/Projects/hr_app/config/initializers/assets.rb": [
        null,
        null,
        null,
        1,
        null,
        null,
        null,
        null,
        1,
        null,
        null,
        null,
        null,
        null
      ],
      "/Users/randal/Projects/hr_app/config/initializers/backtrace_silencers.rb": [
        null,
        null,
        null,
        null,
        null,
        null,
        null
      ],
      "/Users/randal/Projects/hr_app/config/initializers/cookies_serializer.rb": [
        null,
        null,
        null,
        null,
        1
      ],
      "/Users/randal/Projects/hr_app/config/initializers/devise.rb": [
        null,
        null,
        null,
        null,
        1,
        null,
        null,
        null,
        null,
        null,
        null,
        null,
        null,
        null,
        null,
        null,
        1,
        null,
        null,
        null,
        null,
        null,
        null,
        null,
        null,
        null,
        null,
        null,
        1,
        null,
        null,
        null,
        null,
        null,
        null,
        null,
        null,
        null,
        null,
        null,
        null,
        null,
        null,
        null,
        null,
        null,
        null,
        null,
        null,
        null,
        1,
        null,
        null,
        null,
        null,
        1,
        null,
        null,
        null,
        null,
        null,
        null,
        null,
        null,
        null,
        null,
        null,
        null,
        null,
        null,
        null,
        null,
        null,
        null,
        null,
        null,
        null,
        null,
        null,
        null,
        null,
        null,
        null,
        null,
        null,
        null,
        1,
        null,
        null,
        null,
        null,
        null,
        null,
        null,
        null,
        null,
        null,
        null,
        null,
        null,
        null,
        null,
        null,
        null,
        null,
        null,
        null,
        null,
        null,
        1,
        null,
        null,
        null,
        null,
        null,
        null,
        null,
        null,
        null,
        null,
        null,
        null,
        null,
        null,
        null,
        null,
        null,
        null,
        null,
        null,
        null,
        null,
        null,
        null,
        null,
        null,
        null,
        null,
        null,
        null,
        1,
        null,
        null,
        null,
        null,
        null,
        null,
        null,
        null,
        null,
        1,
        null,
        null,
        null,
        null,
        null,
        null,
        null,
        null,
        null,
        null,
        1,
        null,
        null,
        null,
        null,
        1,
        null,
        null,
        null,
        null,
        null,
        null,
        null,
        null,
        null,
        null,
        1,
        null,
        null,
        1,
        null,
        null,
        null,
        null,
        null,
        null,
        null,
        null,
        null,
        null,
        null,
        null,
        null,
        null,
        null,
        null,
        null,
        null,
        null,
        null,
        null,
        null,
        null,
        null,
        null,
        null,
        1,
        null,
        null,
        null,
        null,
        null,
        null,
        null,
        null,
        null,
        null,
        null,
        null,
        null,
        null,
        null,
        null,
        null,
        null,
        null,
        null,
        null,
        null,
        null,
        null,
        null,
        null,
        null,
        null,
        null,
        null,
        null,
        null,
        null,
        null,
        null,
        null,
        null,
        null,
        null,
        null,
        null,
        1,
        null,
        null,
        null,
        null,
        null,
        null,
        null,
        null,
        null,
        null,
        null,
        null,
        null,
        null,
        null,
        null,
        null,
        null,
        null,
        null,
        null,
        null,
        null,
        null,
        null,
        null,
        null,
        null,
        null
      ],
      "/Users/randal/Projects/hr_app/config/initializers/doorkeeper.rb": [
        1,
        null,
        1,
        null,
        null,
        1,
        0,
        0,
        0,
        null,
        null,
        null,
        null,
        null,
        null,
        null,
        null,
        null,
        null,
        null,
        null,
        null,
        null,
        null,
        null,
        null,
        null,
        null,
        null,
        null,
        null,
        null,
        null,
        null,
        null,
        null,
        null,
        null,
        null,
        null,
        null,
        null,
        null,
        null,
        null,
        null,
        null,
        null,
        null,
        null,
        null,
        null,
        null,
        null,
        null,
        null,
        null,
        null,
        null,
        null,
        null,
        null,
        null,
        null,
        null,
        null,
        null,
        null,
        null,
        null,
        null,
        null,
        null,
        null,
        null,
        null,
        null,
        null,
        null,
        null,
        null,
        null,
        null,
        null,
        null,
        null,
        null,
        null,
        null,
        null,
        null,
        null,
        null,
        null,
        null,
        null,
        null,
        null,
        null,
        null,
        null,
        null,
        null,
        null,
        null,
        null,
        null,
        null,
        null,
        null,
        null,
        null,
        null,
        null,
        null,
        null,
        null,
        1,
        null,
        null,
        null,
        null,
        null,
        null,
        null,
        null,
        null,
        null,
        null,
        null,
        1
      ],
      "/Users/randal/Projects/hr_app/config/initializers/filter_parameter_logging.rb": [
        null,
        null,
        null,
        1
      ],
      "/Users/randal/Projects/hr_app/config/initializers/inflections.rb": [
        null,
        null,
        null,
        null,
        null,
        null,
        null,
        null,
        null,
        null,
        null,
        null,
        null,
        null,
        null,
        null
      ],
      "/Users/randal/Projects/hr_app/config/initializers/mime_types.rb": [
        null,
        null,
        null,
        null
      ],
      "/Users/randal/Projects/hr_app/config/initializers/wrap_parameters.rb": [
        null,
        null,
        null,
        null,
        null,
        null,
        1,
        2,
        null,
        null,
        null,
        null,
        null,
        null
      ],
      "/Users/randal/Projects/hr_app/spec/factories/addresses.rb": [
        1,
        1,
        1,
        1,
        1,
        1,
        1,
        1,
        1,
        null,
        null
      ],
      "/Users/randal/Projects/hr_app/spec/factories/assignment_types.rb": [
        1,
        1,
        1,
        null,
        null
      ],
      "/Users/randal/Projects/hr_app/spec/factories/assignments.rb": [
        1,
        1,
        1,
        1,
        1,
        1,
        1,
        null,
        null
      ],
      "/Users/randal/Projects/hr_app/spec/factories/benefit_types.rb": [
        1,
        1,
        1,
        1,
        1,
        null,
        null
      ],
      "/Users/randal/Projects/hr_app/spec/factories/benefits.rb": [
        1,
        1,
        1,
        1,
        1,
        1,
        1,
        1,
        null,
        null
      ],
      "/Users/randal/Projects/hr_app/spec/factories/certification_types.rb": [
        1,
        1,
        21,
        1,
        1,
        null,
        null
      ],
      "/Users/randal/Projects/hr_app/spec/factories/certifications.rb": [
        1,
        1,
        1,
        1,
        1,
        12,
        12,
        1,
        null,
        null
      ],
      "/Users/randal/Projects/hr_app/spec/factories/companies.rb": [
        1,
        1,
        1,
        null,
        null
      ],
      "/Users/randal/Projects/hr_app/spec/factories/company_units.rb": [
        1,
        1,
        1,
        1,
        1,
        null,
        null
      ],
      "/Users/randal/Projects/hr_app/spec/factories/contact_types.rb": [
        1,
        1,
        1,
        null,
        null
      ],
      "/Users/randal/Projects/hr_app/spec/factories/contacts.rb": [
        1,
        1,
        1,
        1,
        1,
        null,
        null
      ],
      "/Users/randal/Projects/hr_app/spec/factories/emergency_contacts.rb": [
        1,
        1,
        1,
        1,
        1,
        1,
        1,
        1,
        null,
        null
      ],
      "/Users/randal/Projects/hr_app/spec/factories/employees.rb": [
        1,
        1,
        1,
        21,
        1,
        1,
        null,
        null
      ],
      "/Users/randal/Projects/hr_app/spec/factories/ethnicities.rb": [
        1,
        1,
        1,
        null,
        null
      ],
      "/Users/randal/Projects/hr_app/spec/factories/people.rb": [
        1,
        1,
        27,
        27,
        27,
        27,
        27,
        27,
        null,
        null
      ],
      "/Users/randal/Projects/hr_app/spec/factories/people_ethnicities.rb": [
        1,
        1,
        1,
        1,
        null,
        null
      ],
      "/Users/randal/Projects/hr_app/spec/factories/people_races.rb": [
        1,
        1,
        1,
        1,
        null,
        null
      ],
      "/Users/randal/Projects/hr_app/spec/factories/races.rb": [
        1,
        1,
        1,
        null,
        null
      ],
      "/Users/randal/Projects/hr_app/spec/factories/relationship_types.rb": [
        1,
        1,
        1,
        null,
        null
      ],
      "/Users/randal/Projects/hr_app/spec/factories/remuneration_types.rb": [
        1,
        1,
        1,
        1,
        1,
        null,
        null
      ],
      "/Users/randal/Projects/hr_app/spec/factories/remunerations.rb": [
        1,
        1,
        1,
        1,
        1,
        1,
        null,
        null
      ],
      "/Users/randal/Projects/hr_app/spec/factories/users.rb": [
        1,
        1,
        1,
        null,
        16,
        1,
        1,
        1,
        1,
        null,
        1,
        1,
        null,
        null,
        1,
        1,
        null,
        null,
        1,
        1,
        null,
        null,
        null
      ],
      "/Users/randal/Projects/hr_app/config/routes.rb": [
        1,
        null,
        1,
        1,
        1,
        1,
        1,
        1,
        null,
        1,
        1,
        1,
        1,
        1,
        1,
        null,
        1,
        1,
        null,
        1,
        1,
        1,
        1,
        1,
        1,
        1,
        1,
        1,
        1,
        1,
        1,
        null,
        null,
        null,
        null,
        null,
        1,
        1,
        null
      ],
      "/Users/randal/Projects/hr_app/app/models/user.rb": [
        1,
        null,
        null,
        1,
        null,
        null,
        null
      ],
      "/Users/randal/Projects/hr_app/app/models/application_record.rb": [
        1,
        1,
        null
      ],
      "/Users/randal/Projects/hr_app/app/helpers/api/api_helper.rb": [
        1,
        null
      ],
      "/Users/randal/Projects/hr_app/app/helpers/api/v1_helper.rb": [
        1,
        null
      ],
      "/Users/randal/Projects/hr_app/app/helpers/application_helper.rb": [
        1,
        null
      ],
      "/Users/randal/Projects/hr_app/spec/support/factory_girl.rb": [
        1,
        1,
        null
      ],
      "/Users/randal/Projects/hr_app/spec/support/request_spec_helper.rb": [
        1,
        null,
        1,
        null,
        1,
        16,
        16,
        null,
        null,
        1,
        15,
        null,
        null,
        1,
        5,
        null,
        null,
        1,
        null,
        1,
        20,
        null,
        null,
        null
      ],
      "/Users/randal/Projects/hr_app/app/controllers/api/v1/certifications_controller.rb": [
        1,
        null,
        1,
        1,
        null,
        1,
        2,
        null,
        2,
        null,
        null,
        1,
        2,
        null,
        null,
        1,
        2,
        2,
        null,
        0,
        null,
        null,
        null,
        1,
        2,
        null,
        2,
        2,
        null,
        0,
        null,
        null,
        null,
        1,
        2,
        2,
        null,
        2,
        null,
        0,
        null,
        null,
        null,
        1,
        null,
        1,
        4,
        null,
        null,
        1,
        10,
        null,
        null,
        1,
        6,
        null,
        null
      ],
      "/Users/randal/Projects/hr_app/app/controllers/api/v1_controller.rb": [
        1,
        null,
        1,
        null,
        1,
        null,
        1,
        0,
        null,
        null,
        1,
        0,
        null,
        null,
        1,
        0,
        null,
        null,
        1,
        0,
        null,
        null,
        1,
        null,
        1,
        0,
        0,
        null,
        null,
        1,
        0,
        0,
        null,
        null,
        1,
        0,
        0,
        null,
        null,
        1,
        0,
        0,
        null,
        null,
        1,
        0,
        0,
        0,
        0,
        0,
        0,
        0,
        null,
        null,
        1,
        null,
        null,
        0,
        null,
        null
      ],
      "/Users/randal/Projects/hr_app/app/controllers/application_controller.rb": [
        1,
        1,
        null
      ],
      "/Users/randal/Projects/hr_app/app/models/person.rb": [
        1,
        1,
        null,
        1,
        1,
        1,
        1,
        1,
        1,
        1,
        1,
        1,
        null
      ],
      "/Users/randal/Projects/hr_app/app/models/certification_type.rb": [
        1,
        1,
        1,
        null
      ],
      "/Users/randal/Projects/hr_app/app/models/employee.rb": [
        1,
        1,
        1,
        null,
        1,
        null,
        1,
        1,
        null,
        1,
        null,
        1,
        20,
        0,
        null,
        null,
        null,
        1,
        20,
        0,
        null,
        null,
        null
      ],
      "/Users/randal/Projects/hr_app/app/models/certification.rb": [
        1,
        1,
        null,
        1,
        1,
        null
      ]
    },
    "timestamp": 1523205653
  }
}
